2026-04-02 17:16:34,439 WARNING: 404: http://localhost:5000/static/style/layout/sidebar.css
2026-04-02 17:16:34,440 WARNING: 404: http://localhost:5000/static/style/components/cards.css
2026-04-02 17:16:34,451 WARNING: 404: http://localhost:5000/.well-known/appspecific/com.chrome.devtools.json
2026-04-02 17:16:34,451 WARNING: 404: http://localhost:5000/static/style/components/buttons.css
2026-04-02 17:16:34,451 WARNING: 404: http://localhost:5000/static/style/components/tables.css
2026-04-02 17:16:34,451 WARNING: 404: http://localhost:5000/static/style/components/modals.css
2026-04-02 17:16:34,454 WARNING: 404: http://localhost:5000/static/imagen/logoFonda.jpg
2026-04-02 17:16:34,458 WARNING: 404: http://localhost:5000/static/js/components/sidebar.js
2026-04-02 17:16:34,462 WARNING: 404: http://localhost:5000/static/js/components/alerts.js
2026-04-02 17:16:44,962 WARNING: 404: http://localhost:5000/.well-known/appspecific/com.chrome.devtools.json
2026-04-02 17:16:44,962 WARNING: 404: http://localhost:5000/static/style/index.css
2026-04-02 17:16:44,970 WARNING: 404: http://localhost:5000/static/style/components/forms.css
2026-04-02 17:16:44,971 WARNING: 404: http://localhost:5000/static/style/layout/sidebar.css
2026-04-02 17:16:44,972 WARNING: 404: http://localhost:5000/static/style/components/cards.css
2026-04-02 17:16:44,972 WARNING: 404: http://localhost:5000/static/style/layout/navbar.css
2026-04-02 17:16:44,972 WARNING: 404: http://localhost:5000/static/style/layout/alerts.css
2026-04-02 17:16:44,975 WARNING: 404: http://localhost:5000/static/style/components/buttons.css
2026-04-02 17:16:44,981 WARNING: 404: http://localhost:5000/static/style/components/modals.css
2026-04-02 17:16:44,986 WARNING: 404: http://localhost:5000/static/style/components/tables.css
2026-04-02 17:16:44,991 WARNING: 404: http://localhost:5000/static/imagen/logoFonda.jpg
2026-04-02 17:16:44,992 WARNING: 404: http://localhost:5000/static/js/components/sidebar.js
2026-04-02 17:16:44,993 WARNING: 404: http://localhost:5000/static/js/components/alerts.js
2026-04-02 17:16:48,804 WARNING: 404: http://localhost:5000/static/style/components/cards.css
2026-04-02 17:16:48,806 WARNING: 404: http://localhost:5000/static/style/index.css
2026-04-02 17:16:48,805 WARNING: 404: http://localhost:5000/static/style/layout/alerts.css
2026-04-02 17:16:48,806 WARNING: 404: http://localhost:5000/static/style/layout/sidebar.css
2026-04-02 17:16:48,806 WARNING: 404: http://localhost:5000/static/style/components/forms.css
2026-04-02 17:16:48,805 WARNING: 404: http://localhost:5000/static/style/layout/navbar.css
2026-04-02 17:16:48,824 WARNING: 404: http://localhost:5000/static/style/components/modals.css
2026-04-02 17:16:48,825 WARNING: 404: http://localhost:5000/static/style/components/tables.css
2026-04-02 17:16:48,825 WARNING: 404: http://localhost:5000/.well-known/appspecific/com.chrome.devtools.json
2026-04-02 17:16:48,825 WARNING: 404: http://localhost:5000/static/style/components/buttons.css
2026-04-02 17:16:48,825 WARNING: 404: http://localhost:5000/static/style/pages/usuarios.css
2026-04-02 17:16:48,827 WARNING: 404: http://localhost:5000/static/imagen/logoFonda.jpg
2026-04-02 17:16:48,838 WARNING: 404: http://localhost:5000/static/js/components/sidebar.js
2026-04-02 17:16:48,841 WARNING: 404: http://localhost:5000/static/js/components/alerts.js
2026-04-02 17:16:55,176 WARNING: 404: http://localhost:5000/.well-known/appspecific/com.chrome.devtools.json
2026-04-02 17:16:55,185 WARNING: 404: http://localhost:5000/static/style/layout/alerts.css
2026-04-02 17:16:55,186 WARNING: 404: http://localhost:5000/static/style/index.css
2026-04-02 17:16:55,186 WARNING: 404: http://localhost:5000/static/style/layout/navbar.css
2026-04-02 17:16:55,186 WARNING: 404: http://localhost:5000/static/style/components/cards.css
2026-04-02 17:16:55,187 WARNING: 404: http://localhost:5000/static/style/components/forms.css
2026-04-02 17:16:55,188 WARNING: 404: http://localhost:5000/static/style/layout/sidebar.css
2026-04-02 17:16:55,196 WARNING: 404: http://localhost:5000/static/style/components/buttons.css
2026-04-02 17:16:55,198 WARNING: 404: http://localhost:5000/static/style/components/modals.css
2026-04-02 17:16:55,198 WARNING: 404: http://localhost:5000/static/style/components/tables.css
2026-04-02 17:16:55,203 WARNING: 404: http://localhost:5000/.well-known/appspecific/com.chrome.devtools.json
2026-04-02 17:17:59,269 WARNING: 404: http://localhost:5000/.well-known/appspecific/com.chrome.devtools.json
2026-04-02 17:17:59,276 WARNING: 404: http://localhost:5000/static/style/index.css
2026-04-02 17:17:59,277 WARNING: 404: http://localhost:5000/static/style/layout/alerts.css
2026-04-02 17:17:59,286 WARNING: 404: http://localhost:5000/static/style/components/cards.css
2026-04-02 17:17:59,299 WARNING: 404: http://localhost:5000/static/imagen/logoFonda.jpg
2026-04-02 17:17:59,299 WARNING: 404: http://localhost:5000/static/js/components/sidebar.js
2026-04-02 17:17:59,302 WARNING: 404: http://localhost:5000/static/js/components/alerts.js
2026-04-02 17:17:59,817 WARNING: 404: http://localhost:5000/favicon.ico
2026-04-02 17:19:43,638 WARNING: 404: http://localhost:5000/.well-known/appspecific/com.chrome.devtools.json
2026-04-02 17:24:26,905 WARNING: 404: http://localhost:5000/favicon.ico
2026-04-02 17:24:31,589 WARNING: 404: http://localhost:5000/.well-known/appspecific/com.chrome.devtools.json
2026-04-02 17:24:33,038 WARNING: 404: http://localhost:5000/.well-known/appspecific/com.chrome.devtools.json
2026-04-02 17:24:33,300 WARNING: 404: http://localhost:5000/favicon.ico
2026-04-02 17:24:36,231 WARNING: 404: http://localhost:5000/.well-known/appspecific/com.chrome.devtools.json
2026-04-02 17:24:36,414 WARNING: 404: http://localhost:5000/favicon.ico
2026-04-02 17:24:37,092 WARNING: 404: http://localhost:5000/.well-known/appspecific/com.chrome.devtools.json
2026-04-02 17:25:15,919 WARNING: 404: http://localhost:5000/.well-known/appspecific/com.chrome.devtools.json
2026-04-02 17:26:00,879 INFO: Producto creado: Ipsum fuga Veniam labo
